20:34:21 INFO - 
20:34:21 INFO - 
20:36:10 INFO - 
20:36:10 INFO - 
20:41:09 INFO - 
20:41:09 INFO - 
20:44:28 INFO - 
20:44:28 INFO - 
21:04:45 INFO - 
21:04:45 INFO - 
19:39:49 INFO - 
19:47:10 INFO - 
19:47:10 INFO - 
19:47:10 INFO - 
20:14:39 INFO - 
20:14:40 INFO - 
20:14:40 INFO - 
20:19:31 DEBUG - ConnectionQIdAt5nRWuxiLiZpAAAA
20:19:58 DEBUG - Connectionr1ZtwWDciR-rwWf_AAAB
20:19:58 INFO - 
20:19:58 INFO - 
20:20:20 DEBUG - ConnectionFAQ1T7Ki__2F1fzPAAAC
20:20:20 INFO - 
20:20:20 INFO - 
20:23:44 DEBUG - Connection socket id: NjO4J-1bGudH2dtEAAAA
20:23:50 DEBUG - Connection socket id: w3pklzKlI6p7lOiMAAAB
20:23:52 DEBUG - Join room: aaa
20:23:52 DEBUG - Join room user num: 1
20:30:47 DEBUG - Connection socket id: gL1fqZFeIhaM9061AAAA
20:30:50 DEBUG - Connection socket id: sVKcwzuKOjuhaA3_AAAB
20:30:51 DEBUG - Join room: aaa
20:30:51 DEBUG - Join room user num: 1
20:32:43 DEBUG - Connection socket id: 8sipflCsnbfcS7okAAAC
20:32:44 DEBUG - Join room: aaa1111
20:32:44 DEBUG - Join room user num: 1
20:41:24 DEBUG - Connection socket id: zuIozo1xmRiex-xkAAAA
20:41:24 DEBUG - Join room: aaa
20:41:24 DEBUG - Join room user num: 1
20:42:36 DEBUG - Connection socket id: 9kggRrFVhmZc_WbDAAAA
20:42:37 DEBUG - Join room: aaa
20:42:37 DEBUG - Join room user num: 1
20:42:38 DEBUG - User leave room id: aaa
20:42:47 DEBUG - Connection socket id: 5xN9ggtbi33mR3ffAAAB
20:42:48 DEBUG - Join room: aaa
20:42:48 DEBUG - Join room user num: 1
20:42:50 DEBUG - User leave room id: aaa
